<?xml version="1.0" encoding="UTF-8"?>
<!-- Generated by org.testng.reporters.JUnitXMLReporter -->
<testsuite ignored="12" hostname="LAPTOP-R0I62GCV" failures="0" tests="4" name="Test2" time="229.706" errors="0" timestamp="2022-03-16T15:07:58 IST">
  <testcase classname="crm.com.autodesk.product.CreateContactProvidingDescriptionTest" name="createContactProvidingDescription" time="23.775"/>
  <testcase classname="crm.com.autodesk.campaign.CreateCampaignSelectingProductTest" name="CreateCampaignSelectingProduct" time="36.83"/>
  <testcase classname="crm.com.autodesk.product.CreateProductWithMandatoryFieldTest" name="CreateProductWithMandatoryField" time="14.89"/>
  <testcase classname="crm.com.autodesk.product.EditingInformationOfProductTest" name="editingInformationOfProduct" time="44.337"/>
  <testcase classname="crm.com.autodesk.generic.utility.BaseClass" name="@BeforeTest beforeTest" time="0.0">
    <ignored/>
  </testcase> <!-- @BeforeTest beforeTest -->
  <testcase classname="crm.com.autodesk.generic.utility.BaseClass" name="@BeforeTest beforeTest" time="0.0">
    <ignored/>
  </testcase> <!-- @BeforeTest beforeTest -->
  <testcase classname="crm.com.autodesk.generic.utility.BaseClass" name="@BeforeTest beforeTest" time="0.0">
    <ignored/>
  </testcase> <!-- @BeforeTest beforeTest -->
  <testcase classname="crm.com.autodesk.generic.utility.BaseClass" name="@AfterTest afterTest" time="0.0">
    <ignored/>
  </testcase> <!-- @AfterTest afterTest -->
  <testcase classname="crm.com.autodesk.generic.utility.BaseClass" name="@AfterTest afterTest" time="0.0">
    <ignored/>
  </testcase> <!-- @AfterTest afterTest -->
  <testcase classname="crm.com.autodesk.generic.utility.BaseClass" name="@AfterTest afterTest" time="0.0">
    <ignored/>
  </testcase> <!-- @AfterTest afterTest -->
  <testcase classname="crm.com.autodesk.generic.utility.BaseClass" name="@BeforeSuite beforeSuite" time="0.0">
    <ignored/>
  </testcase> <!-- @BeforeSuite beforeSuite -->
  <testcase classname="crm.com.autodesk.generic.utility.BaseClass" name="@BeforeSuite beforeSuite" time="0.0">
    <ignored/>
  </testcase> <!-- @BeforeSuite beforeSuite -->
  <testcase classname="crm.com.autodesk.generic.utility.BaseClass" name="@BeforeSuite beforeSuite" time="0.0">
    <ignored/>
  </testcase> <!-- @BeforeSuite beforeSuite -->
  <testcase classname="crm.com.autodesk.generic.utility.BaseClass" name="@AfterSuite afterSuite" time="0.0">
    <ignored/>
  </testcase> <!-- @AfterSuite afterSuite -->
  <testcase classname="crm.com.autodesk.generic.utility.BaseClass" name="@AfterSuite afterSuite" time="0.0">
    <ignored/>
  </testcase> <!-- @AfterSuite afterSuite -->
  <testcase classname="crm.com.autodesk.generic.utility.BaseClass" name="@AfterSuite afterSuite" time="0.0">
    <ignored/>
  </testcase> <!-- @AfterSuite afterSuite -->
</testsuite> <!-- Test2 -->
