<?xml version="1.0" encoding="UTF-8"?>
<!-- Generated by org.testng.reporters.JUnitXMLReporter -->
<testsuite ignored="4" hostname="LAPTOP-R0I62GCV" failures="0" tests="8" name="Test" time="57.089" errors="0" timestamp="2022-03-17T10:45:53 IST">
  <testcase classname="practice.ForLearningGroupExecutionCampaign" name="createcampaignUsingcampaignName" time="0.009"/>
  <testcase classname="practice.ForLearningGroupExecutionProduct" name="createproductUsingProductName" time="0.002"/>
  <testcase classname="practice.ForLearningGroupExecutionCampaign" name="deletecampaign" time="0.001"/>
  <testcase classname="practice.ForLearningGroupExecutionProduct" name="deleteProduct" time="0.001"/>
  <testcase classname="practice.ForLearningGroupExecutionCampaign" name="editcampaign" time="0.002"/>
  <testcase classname="practice.ForLearningGroupExecutionProduct" name="editProduct" time="0.001"/>
  <testcase classname="practice.ForLearningGroupExecutionCampaign" name="searchcampaign" time="0.001"/>
  <testcase classname="practice.ForLearningGroupExecutionProduct" name="searchProduct" time="0.001"/>
  <testcase classname="crm.com.autodesk.generic.utility.BaseClass" name="@BeforeTest beforeTest" time="0.0">
    <ignored/>
  </testcase> <!-- @BeforeTest beforeTest -->
  <testcase classname="crm.com.autodesk.generic.utility.BaseClass" name="@AfterTest afterTest" time="0.0">
    <ignored/>
  </testcase> <!-- @AfterTest afterTest -->
  <testcase classname="crm.com.autodesk.generic.utility.BaseClass" name="@BeforeSuite beforeSuite" time="0.0">
    <ignored/>
  </testcase> <!-- @BeforeSuite beforeSuite -->
  <testcase classname="crm.com.autodesk.generic.utility.BaseClass" name="@AfterSuite afterSuite" time="0.0">
    <ignored/>
  </testcase> <!-- @AfterSuite afterSuite -->
</testsuite> <!-- Test -->
