<?xml version="1.0" encoding="UTF-8"?>
<!-- Generated by org.testng.reporters.JUnitXMLReporter -->
<testsuite ignored="0" hostname="LAPTOP-R0I62GCV" failures="0" tests="4" name="Test3" time="40.898" errors="0" timestamp="2022-03-17T10:47:10 IST">
  <testcase classname="practice.ForLearningGroupExecutionProduct" name="createproductUsingProductName" time="0.001"/>
  <testcase classname="practice.ForLearningGroupExecutionProduct" name="deleteProduct" time="0.002"/>
  <testcase classname="practice.ForLearningGroupExecutionProduct" name="editProduct" time="0.001"/>
  <testcase classname="practice.ForLearningGroupExecutionProduct" name="searchProduct" time="0.001"/>
</testsuite> <!-- Test3 -->
