<?xml version="1.0" encoding="UTF-8"?>
<!-- Generated by org.testng.reporters.JUnitXMLReporter -->
<testsuite ignored="0" hostname="LAPTOP-R0I62GCV" failures="0" tests="3" name="Test1" time="36.248" errors="0" timestamp="2022-03-17T10:46:29 IST">
  <testcase classname="practice.ForLearnigGroupExecutionContact" name="createContactUsingLastName" time="0.001"/>
  <testcase classname="practice.ForLearnigGroupExecutionContact" name="deleteContact" time="0.001"/>
  <testcase classname="practice.ForLearnigGroupExecutionContact" name="editContact" time="0.001"/>
</testsuite> <!-- Test1 -->
